<?xml version="1.0" encoding="UTF-8"?>
<!-- Generated by org.testng.reporters.JUnitReportReporter -->
<testsuite hostname="NITISH-TI8828" name="com.tavant.kwutils.MyTestCaseExecuter" tests="1" failures="0" timestamp="21 Sep 2018 07:58:08 GMT" time="6.997" errors="0">
  <testcase name="testCase" time="6.997" classname="com.tavant.kwutils.MyTestCaseExecuter"/>
</testsuite> <!-- com.tavant.kwutils.MyTestCaseExecuter -->
